<?xml version="1.0" encoding="UTF-8"?>
<testsuite xmlns:xsi="http://www.w3.org/2001/XMLSchema-instance" xsi:noNamespaceSchemaLocation="https://maven.apache.org/surefire/maven-surefire-plugin/xsd/surefire-test-report-3.0.xsd" version="3.0" name="com.iadeva.cfp.CfpPlatformApiTest" time="2.035" tests="6" errors="0" skipped="0" failures="0">
  <properties>
[...]
</properties>
  <testcase name="getApi_retornaMensagemDeSaudacao" classname="com.iadeva.cfp.CfpPlatformApiTest" time="0.479">
    <system-out><![CDATA[23:55:19.639 [main] INFO org.springframework.test.context.support.AnnotationConfigContextLoaderUtils -- Could not detect default configuration classes for test class [com.iadeva.cfp.CfpPlatformApiTest]: CfpPlatformApiTest does not declare any static, non-private, non-final, nested classes annotated with @Configuration.
23:55:19.707 [main] INFO org.springframework.boot.test.context.SpringBootTestContextBootstrapper -- Found @SpringBootConfiguration com.iadeva.cfp.CfpPlatformApplication for test class com.iadeva.cfp.CfpPlatformApiTest

  .   ____          _            __ _ _
 /\\ / ___'_ __ _ _(_)_ __  __ _ \ \ \ \
( ( )\___ | '_ | '_| | '_ \/ _` | \ \ \ \
 \\/  ___)| |_)| | | | | || (_| |  ) ) ) )
  '  |____| .__|_| |_|_| |_\__, | / / / /
 =========|_|==============|___/=/_/_/_/
 :: Spring Boot ::                (v3.2.5)

2026-08-13T23:55:19.939-03:00  INFO 21880 --- [           main] com.iadeva.cfp.CfpPlatformApiTest        : Starting CfpPlatformApiTest using Java 25.0.3 with PID 21880 (started by ACER in C:\Projetos\engenharia-de-software-com-ia-aplicada\modulo05-ferramentas-de-IA-para-UI-UX\cfp-platform-java)
2026-08-13T23:55:19.940-03:00  INFO 21880 --- [           main] com.iadeva.cfp.CfpPlatformApiTest        : No active profile set, falling back to 1 default profile: "default"
2026-08-13T23:55:20.582-03:00  INFO 21880 --- [           main] o.s.b.w.embedded.tomcat.TomcatWebServer  : Tomcat initialized with port 0 (http)
2026-08-13T23:55:20.597-03:00  INFO 21880 --- [           main] o.apache.catalina.core.StandardService   : Starting service [Tomcat]
2026-08-13T23:55:20.598-03:00  INFO 21880 --- [           main] o.apache.catalina.core.StandardEngine    : Starting Servlet engine: [Apache Tomcat/10.1.20]
2026-08-13T23:55:20.644-03:00  INFO 21880 --- [           main] o.a.c.c.C.[Tomcat].[localhost].[/api]    : Initializing Spring embedded WebApplicationContext
2026-08-13T23:55:20.645-03:00  INFO 21880 --- [           main] w.s.c.ServletWebServerApplicationContext : Root WebApplicationContext: initialization completed in 695 ms
2026-08-13T23:55:20.905-03:00  INFO 21880 --- [           main] o.a.c.c.C.[Tomcat].[localhost].[/api]    : Initializing Spring TestDispatcherServlet ''
2026-08-13T23:55:20.905-03:00  INFO 21880 --- [           main] o.s.t.web.servlet.TestDispatcherServlet  : Initializing Servlet ''
2026-08-13T23:55:20.905-03:00  INFO 21880 --- [           main] o.s.t.web.servlet.TestDispatcherServlet  : Completed initialization in 0 ms
2026-08-13T23:55:20.959-03:00  INFO 21880 --- [           main] o.s.b.w.embedded.tomcat.TomcatWebServer  : Tomcat started on port 53590 (http) with context path '/api'
2026-08-13T23:55:20.965-03:00  INFO 21880 --- [           main] com.iadeva.cfp.CfpPlatformApiTest        : Started CfpPlatformApiTest in 1.177 seconds (process running for 1.736)
]]></system-out>
    <system-err><![CDATA[WARNING: A Java agent has been loaded dynamically (C:\Users\ACER\.m2\repository\net\bytebuddy\byte-buddy-agent\1.14.13\byte-buddy-agent-1.14.13.jar)
WARNING: If a serviceability tool is in use, please run with -XX:+EnableDynamicAgentLoading to hide this warning
WARNING: If a serviceability tool is not in use, please run with -Djdk.instrument.traceUsage for more information
WARNING: Dynamic loading of agents will be disallowed by default in a future release
]]></system-err>
  </testcase>
  <testcase name="postSpeakers_criaPalestranteComIdGerado" classname="com.iadeva.cfp.CfpPlatformApiTest" time="0.101"/>
  <testcase name="getEvents_listaEventosCriados" classname="com.iadeva.cfp.CfpPlatformApiTest" time="0.018"/>
  <testcase name="postEvents_semNomeRetorna400" classname="com.iadeva.cfp.CfpPlatformApiTest" time="0.011">
    <system-out><![CDATA[2026-08-13T23:55:21.584-03:00  WARN 21880 --- [           main] .w.s.m.s.DefaultHandlerExceptionResolver : Resolved [org.springframework.web.bind.MethodArgumentNotValidException: Validation failed for argument [0] in public com.iadeva.cfp.model.Event com.iadeva.cfp.controller.EventController.create(com.iadeva.cfp.dto.CreateEventDto): [Field error in object 'createEventDto' on field 'nome': rejected value []; codes [NotBlank.createEventDto.nome,NotBlank.nome,NotBlank.java.lang.String,NotBlank]; arguments [org.springframework.context.support.DefaultMessageSourceResolvable: codes [createEventDto.nome,nome]; arguments []; default message [nome]]; default message [must not be blank]] ]
]]></system-out>
  </testcase>
  <testcase name="postSpeakers_emailInvalidoRetorna400" classname="com.iadeva.cfp.CfpPlatformApiTest" time="0.005">
    <system-out><![CDATA[2026-08-13T23:55:21.590-03:00  WARN 21880 --- [           main] .w.s.m.s.DefaultHandlerExceptionResolver : Resolved [org.springframework.web.bind.MethodArgumentNotValidException: Validation failed for argument [0] in public com.iadeva.cfp.model.Speaker com.iadeva.cfp.controller.SpeakerController.create(com.iadeva.cfp.dto.CreateSpeakerDto): [Field error in object 'createSpeakerDto' on field 'email': rejected value [nao-e-um-email]; codes [Email.createSpeakerDto.email,Email.email,Email.java.lang.String,Email]; arguments [org.springframework.context.support.DefaultMessageSourceResolvable: codes [createSpeakerDto.email,email]; arguments []; default message [email],[Ljakarta.validation.constraints.Pattern$Flag;@4fa0ee7e,.*]; default message [must be a well-formed email address]] ]
]]></system-out>
  </testcase>
  <testcase name="postEvents_criaEventoComIdGerado" classname="com.iadeva.cfp.CfpPlatformApiTest" time="0.004"/>
</testsuite>