<?xml version="1.0" encoding="UTF-8"?>
<testsuite xmlns:xsi="http://www.w3.org/2001/XMLSchema-instance" xsi:noNamespaceSchemaLocation="https://maven.apache.org/surefire/maven-surefire-plugin/xsd/surefire-test-report-3.0.xsd" version="3.0" name="com.iadeva.customer.CustomerApiTest" time="2.039" tests="5" errors="0" skipped="0" failures="0">
  <properties>
[...]
</properties>
  <testcase name="adminComToken_podeListarClientes" classname="com.iadeva.customer.CustomerApiTest" time="0.469">
    <system-out><![CDATA[00:10:26.855 [main] INFO org.springframework.test.context.support.AnnotationConfigContextLoaderUtils -- Could not detect default configuration classes for test class [com.iadeva.customer.CustomerApiTest]: CustomerApiTest does not declare any static, non-private, non-final, nested classes annotated with @Configuration.
00:10:26.926 [main] INFO org.springframework.boot.test.context.SpringBootTestContextBootstrapper -- Found @SpringBootConfiguration com.iadeva.customer.CustomerApplication for test class com.iadeva.customer.CustomerApiTest

  .   ____          _            __ _ _
 /\\ / ___'_ __ _ _(_)_ __  __ _ \ \ \ \
( ( )\___ | '_ | '_| | '_ \/ _` | \ \ \ \
 \\/  ___)| |_)| | | | | || (_| |  ) ) ) )
  '  |____| .__|_| |_|_| |_\__, | / / / /
 =========|_|==============|___/=/_/_/_/
 :: Spring Boot ::                (v3.2.5)

2026-08-14T00:10:27.186-03:00  INFO 23308 --- [           main] com.iadeva.customer.CustomerApiTest      : Starting CustomerApiTest using Java 25.0.3 with PID 23308 (started by ACER in C:\Projetos\engenharia-de-software-com-ia-aplicada\modulo03-mcp-na-pratica\legacy-customer-api-java)
2026-08-14T00:10:27.186-03:00  INFO 23308 --- [           main] com.iadeva.customer.CustomerApiTest      : No active profile set, falling back to 1 default profile: "default"
2026-08-14T00:10:27.872-03:00  INFO 23308 --- [           main] o.s.b.w.embedded.tomcat.TomcatWebServer  : Tomcat initialized with port 0 (http)
2026-08-14T00:10:27.879-03:00  INFO 23308 --- [           main] o.apache.catalina.core.StandardService   : Starting service [Tomcat]
2026-08-14T00:10:27.879-03:00  INFO 23308 --- [           main] o.apache.catalina.core.StandardEngine    : Starting Servlet engine: [Apache Tomcat/10.1.20]
2026-08-14T00:10:27.916-03:00  INFO 23308 --- [           main] o.a.c.c.C.[Tomcat].[localhost].[/]       : Initializing Spring embedded WebApplicationContext
2026-08-14T00:10:27.916-03:00  INFO 23308 --- [           main] w.s.c.ServletWebServerApplicationContext : Root WebApplicationContext: initialization completed in 720 ms
2026-08-14T00:10:27.991-03:00  WARN 23308 --- [           main] .s.s.UserDetailsServiceAutoConfiguration : 

Using generated security password: aecd761a-8a51-470b-97e2-b8dd6a5be6ae

This generated password is for development use only. Your security configuration must be updated before running your application in production.

2026-08-14T00:10:28.162-03:00  INFO 23308 --- [           main] o.s.s.web.DefaultSecurityFilterChain     : Will secure any request with [org.springframework.security.web.session.DisableEncodeUrlFilter@8e25d3f, org.springframework.security.web.context.request.async.WebAsyncManagerIntegrationFilter@18a096b5, org.springframework.security.web.context.SecurityContextHolderFilter@5921b93c, org.springframework.security.web.header.HeaderWriterFilter@5efeb117, org.springframework.web.filter.CorsFilter@79b18230, org.springframework.security.web.authentication.logout.LogoutFilter@661d6bb6, com.iadeva.customer.security.RateLimitFilter@6d8796c1, com.iadeva.customer.security.JwtFilter@2f74900b, org.springframework.security.web.savedrequest.RequestCacheAwareFilter@19b02dfd, org.springframework.security.web.servletapi.SecurityContextHolderAwareRequestFilter@3dce6dd8, org.springframework.security.web.authentication.AnonymousAuthenticationFilter@1d4f5506, org.springframework.security.web.session.SessionManagementFilter@5f61371d, org.springframework.security.web.access.ExceptionTranslationFilter@697d6ded, org.springframework.security.web.access.intercept.AuthorizationFilter@392781e]
2026-08-14T00:10:28.265-03:00  INFO 23308 --- [           main] o.a.c.c.C.[Tomcat].[localhost].[/]       : Initializing Spring TestDispatcherServlet ''
2026-08-14T00:10:28.266-03:00  INFO 23308 --- [           main] o.s.t.web.servlet.TestDispatcherServlet  : Initializing Servlet ''
2026-08-14T00:10:28.267-03:00  INFO 23308 --- [           main] o.s.t.web.servlet.TestDispatcherServlet  : Completed initialization in 1 ms
2026-08-14T00:10:28.305-03:00  INFO 23308 --- [           main] o.s.b.w.embedded.tomcat.TomcatWebServer  : Tomcat started on port 57680 (http) with context path ''
2026-08-14T00:10:28.311-03:00  INFO 23308 --- [           main] com.iadeva.customer.CustomerApiTest      : Started CustomerApiTest in 1.292 seconds (process running for 1.882)
]]></system-out>
    <system-err><![CDATA[WARNING: A Java agent has been loaded dynamically (C:\Users\ACER\.m2\repository\net\bytebuddy\byte-buddy-agent\1.14.13\byte-buddy-agent-1.14.13.jar)
WARNING: If a serviceability tool is in use, please run with -XX:+EnableDynamicAgentLoading to hide this warning
WARNING: If a serviceability tool is not in use, please run with -Djdk.instrument.traceUsage for more information
WARNING: Dynamic loading of agents will be disallowed by default in a future release
]]></system-err>
  </testcase>
  <testcase name="acessoSemToken_retorna401" classname="com.iadeva.customer.CustomerApiTest" time="0.003"/>
  <testcase name="loginComCredenciaisValidas_retornaJwt" classname="com.iadeva.customer.CustomerApiTest" time="0.008"/>
  <testcase name="memberNaoPodeCriarCliente_retorna403" classname="com.iadeva.customer.CustomerApiTest" time="0.007"/>
  <testcase name="loginComCredenciaisInvalidas_retorna401" classname="com.iadeva.customer.CustomerApiTest" time="0.005"/>
</testsuite>